[2013-01-18 15:39:36] request.ERROR: Symfony\Component\HttpKernel\Exception\NotFoundHttpException: No route found for "GET /" (uncaught exception) at /Users/tr/Sites/tr/vendor/symfony/symfony/src/Symfony/Component/HttpKernel/EventListener/RouterListener.php line 92 [] []
[2013-01-18 15:40:15] request.ERROR: Symfony\Component\HttpKernel\Exception\NotFoundHttpException: No route found for "GET /" (uncaught exception) at /Users/tr/Sites/tr/vendor/symfony/symfony/src/Symfony/Component/HttpKernel/EventListener/RouterListener.php line 92 [] []
[2013-01-18 16:41:01] request.ERROR: Symfony\Component\HttpKernel\Exception\NotFoundHttpException: No route found for "GET /css/bootstrap.min.css" (uncaught exception) at /Users/tr/Sites/tr/app/cache/prod/classes.php line 5121 [] []
[2013-01-18 16:41:01] request.ERROR: Symfony\Component\HttpKernel\Exception\NotFoundHttpException: No route found for "GET /js/vendor/bootstrap.min.js" (uncaught exception) at /Users/tr/Sites/tr/app/cache/prod/classes.php line 5121 [] []
[2013-01-18 16:41:01] request.ERROR: Symfony\Component\HttpKernel\Exception\NotFoundHttpException: No route found for "GET /css/bootstrap-responsive.min.css" (uncaught exception) at /Users/tr/Sites/tr/app/cache/prod/classes.php line 5121 [] []
[2013-01-18 16:41:01] request.ERROR: Symfony\Component\HttpKernel\Exception\NotFoundHttpException: No route found for "GET /js/vendor/modernizr-2.6.2-respond-1.1.0.min.js" (uncaught exception) at /Users/tr/Sites/tr/app/cache/prod/classes.php line 5121 [] []
[2013-01-18 16:41:01] request.ERROR: Symfony\Component\HttpKernel\Exception\NotFoundHttpException: No route found for "GET /js/plugins.js" (uncaught exception) at /Users/tr/Sites/tr/app/cache/prod/classes.php line 5121 [] []
[2013-01-18 16:41:01] request.ERROR: Symfony\Component\HttpKernel\Exception\NotFoundHttpException: No route found for "GET /js/main.js" (uncaught exception) at /Users/tr/Sites/tr/app/cache/prod/classes.php line 5121 [] []
[2013-01-18 16:41:54] request.ERROR: Symfony\Component\HttpKernel\Exception\NotFoundHttpException: No route found for "GET /js/plugins.js" (uncaught exception) at /Users/tr/Sites/tr/app/cache/prod/classes.php line 5121 [] []
[2013-01-18 16:41:54] request.ERROR: Symfony\Component\HttpKernel\Exception\NotFoundHttpException: No route found for "GET /css/bootstrap-responsive.min.css" (uncaught exception) at /Users/tr/Sites/tr/app/cache/prod/classes.php line 5121 [] []
[2013-01-18 16:41:54] request.ERROR: Symfony\Component\HttpKernel\Exception\NotFoundHttpException: No route found for "GET /css/bootstrap.min.css" (uncaught exception) at /Users/tr/Sites/tr/app/cache/prod/classes.php line 5121 [] []
[2013-01-18 16:41:54] request.ERROR: Symfony\Component\HttpKernel\Exception\NotFoundHttpException: No route found for "GET /js/vendor/modernizr-2.6.2-respond-1.1.0.min.js" (uncaught exception) at /Users/tr/Sites/tr/app/cache/prod/classes.php line 5121 [] []
[2013-01-18 16:41:54] request.ERROR: Symfony\Component\HttpKernel\Exception\NotFoundHttpException: No route found for "GET /js/main.js" (uncaught exception) at /Users/tr/Sites/tr/app/cache/prod/classes.php line 5121 [] []
[2013-01-18 16:41:54] request.ERROR: Symfony\Component\HttpKernel\Exception\NotFoundHttpException: No route found for "GET /js/vendor/bootstrap.min.js" (uncaught exception) at /Users/tr/Sites/tr/app/cache/prod/classes.php line 5121 [] []
[2013-01-18 16:43:47] request.ERROR: Symfony\Component\HttpKernel\Exception\NotFoundHttpException: No route found for "GET /js/vendor/modernizr-2.6.2-respond-1.1.0.min.js" (uncaught exception) at /Users/tr/Sites/tr/app/cache/prod/classes.php line 5121 [] []
[2013-01-18 16:43:47] request.ERROR: Symfony\Component\HttpKernel\Exception\NotFoundHttpException: No route found for "GET /js/vendor/bootstrap.min.js" (uncaught exception) at /Users/tr/Sites/tr/app/cache/prod/classes.php line 5121 [] []
[2013-01-18 16:43:47] request.ERROR: Symfony\Component\HttpKernel\Exception\NotFoundHttpException: No route found for "GET /public/css/bootstrap{{%20app.debug%20" (uncaught exception) at /Users/tr/Sites/tr/app/cache/prod/classes.php line 5121 [] []
[2013-01-18 16:43:47] request.ERROR: Symfony\Component\HttpKernel\Exception\NotFoundHttpException: No route found for "GET /js/main.js" (uncaught exception) at /Users/tr/Sites/tr/app/cache/prod/classes.php line 5121 [] []
[2013-01-18 16:43:47] request.ERROR: Symfony\Component\HttpKernel\Exception\NotFoundHttpException: No route found for "GET /js/plugins.js" (uncaught exception) at /Users/tr/Sites/tr/app/cache/prod/classes.php line 5121 [] []
[2013-01-18 16:43:47] request.ERROR: Symfony\Component\HttpKernel\Exception\NotFoundHttpException: No route found for "GET /css/bootstrap-responsive.min.css" (uncaught exception) at /Users/tr/Sites/tr/app/cache/prod/classes.php line 5121 [] []
[2013-01-18 16:46:29] request.ERROR: Symfony\Component\HttpKernel\Exception\NotFoundHttpException: No route found for "GET /public/css/bootstrap{{%20app.debug%20" (uncaught exception) at /Users/tr/Sites/tr/app/cache/prod/classes.php line 5121 [] []
[2013-01-18 16:46:56] request.ERROR: Symfony\Component\HttpKernel\Exception\NotFoundHttpException: No route found for "GET /public/css/bootstrap{{%20app.debug%20" (uncaught exception) at /Users/tr/Sites/tr/app/cache/prod/classes.php line 5121 [] []
[2013-01-18 17:11:41] request.ERROR: Symfony\Component\HttpKernel\Exception\NotFoundHttpException: No route found for "GET /" (uncaught exception) at /Users/tr/Sites/tr/app/cache/prod/classes.php line 5121 [] []
[2013-01-18 17:27:19] request.ERROR: Symfony\Component\HttpKernel\Exception\NotFoundHttpException: No route found for "GET /app/Resources/public/js/modernizr-2.6.2-respond-1.1.0.min.js" (uncaught exception) at /Users/tr/Sites/tr/app/cache/prod/classes.php line 5121 [] []
[2013-01-18 17:29:50] request.ERROR: Symfony\Component\HttpKernel\Exception\NotFoundHttpException: No route found for "GET /app/Resources/public/js/modernizr-2.6.2-respond-1.1.0.min.js" (uncaught exception) at /Users/tr/Sites/tr/app/cache/prod/classes.php line 5121 [] []
[2013-01-18 17:29:52] request.ERROR: Symfony\Component\HttpKernel\Exception\NotFoundHttpException: No route found for "GET /app/Resources/public/js/modernizr-2.6.2-respond-1.1.0.min.js" (uncaught exception) at /Users/tr/Sites/tr/app/cache/prod/classes.php line 5121 [] []
[2013-01-18 17:29:54] request.ERROR: Symfony\Component\HttpKernel\Exception\NotFoundHttpException: No route found for "GET /app/Resources/public/js/modernizr-2.6.2-respond-1.1.0.min.js" (uncaught exception) at /Users/tr/Sites/tr/app/cache/prod/classes.php line 5121 [] []
[2013-01-18 17:35:42] request.ERROR: Symfony\Component\HttpKernel\Exception\NotFoundHttpException: No route found for "GET /app/Resources/public/js/modernizr-2.6.2-respond-1.1.0.min.js" (uncaught exception) at /Users/tr/Sites/tr/app/cache/prod/classes.php line 5121 [] []
[2013-01-18 17:35:45] request.ERROR: Symfony\Component\HttpKernel\Exception\NotFoundHttpException: No route found for "GET /app/Resources/public/js/modernizr-2.6.2-respond-1.1.0.min.js" (uncaught exception) at /Users/tr/Sites/tr/app/cache/prod/classes.php line 5121 [] []
[2013-01-18 17:35:50] request.ERROR: Symfony\Component\HttpKernel\Exception\NotFoundHttpException: No route found for "GET /app/Resources/public/js/modernizr-2.6.2-respond-1.1.0.min.js" (uncaught exception) at /Users/tr/Sites/tr/app/cache/prod/classes.php line 5121 [] []
[2013-01-18 17:35:53] request.ERROR: Symfony\Component\HttpKernel\Exception\NotFoundHttpException: No route found for "GET /app/Resources/public/js/modernizr-2.6.2-respond-1.1.0.min.js" (uncaught exception) at /Users/tr/Sites/tr/app/cache/prod/classes.php line 5121 [] []
